\BOOKMARK [-1][-]{part.1}{I Primeira unidade}{}% 1
\BOOKMARK [0][-]{chapter.1}{No\347\365es b\341sicas sobre erros}{part.1}% 2
\BOOKMARK [1][-]{section.1.1}{Aritm\351tica do ponto flutuante}{chapter.1}% 3
\BOOKMARK [1][-]{section.1.2}{Problemas}{chapter.1}% 4
\BOOKMARK [0][-]{chapter.2}{M\351todos para encontrar solu\347\343o de sistema linear}{part.1}% 5
\BOOKMARK [1][-]{section.2.1}{M\351todos diretos}{chapter.2}% 6
\BOOKMARK [1][-]{section.2.2}{M\351todos iterativos}{chapter.2}% 7
\BOOKMARK [1][-]{section.2.3}{Problemas}{chapter.2}% 8
\BOOKMARK [0][-]{chapter.3}{M\351todos para encontrar raiz de fun\347\343o}{part.1}% 9
\BOOKMARK [1][-]{section.3.1}{M\351todo da bissec\347\343o}{chapter.3}% 10
\BOOKMARK [1][-]{section.3.2}{M\351todos do Ponto Fixo}{chapter.3}% 11
\BOOKMARK [1][-]{section.3.3}{M\351todo de Newton-Raphson}{chapter.3}% 12
\BOOKMARK [1][-]{section.3.4}{M\351todo da secante}{chapter.3}% 13
\BOOKMARK [1][-]{section.3.5}{Problemas}{chapter.3}% 14
\BOOKMARK [-1][-]{part.2}{II Segunda unidade}{}% 15
\BOOKMARK [0][-]{chapter.4}{Aproxima\347\343o de fun\347\365es}{part.2}% 16
\BOOKMARK [1][-]{section.4.1}{Interpola\347\343o de fun\347\365es}{chapter.4}% 17
\BOOKMARK [1][-]{section.4.2}{Ajuste de curvas pelo crit\351rio dos m\355nimos quadrados}{chapter.4}% 18
\BOOKMARK [-1][-]{part.3}{III Terceira unidade}{}% 19
\BOOKMARK [0][-]{chapter.5}{Integra\347\343o num\351rica}{part.3}% 20
\BOOKMARK [1][-]{section.5.1}{Regra do trap\351zio}{chapter.5}% 21
\BOOKMARK [1][-]{section.5.2}{Regra de 1/3 de Simpson}{chapter.5}% 22
\BOOKMARK [0][-]{chapter.6}{Resolu\347\343o num\351rica de equa\347\365es diferenciais ordin\341rias}{part.3}% 23
\BOOKMARK [1][-]{section.6.1}{M\351todos de Euler}{chapter.6}% 24
\BOOKMARK [1][-]{section.6.2}{M\351todos de Runge-Kutta}{chapter.6}% 25
\BOOKMARK [0][-]{appendix.A}{Solu\347\365es}{part.3}% 26
